info it worked if it ends with ok
verbose cli [ 'node', '/usr/bin/npm', 'install', 'less', 'uglify-js' ]
info using npm@1.1.4
info using node@v0.6.12
verbose config file /home/tulupovm/.npmrc
verbose config file /usr/etc/npmrc
verbose config file /usr/share/npm/npmrc
verbose caching /var/www/Vidal/node_modules/less/package.json
verbose cache add [ 'less', null ]
silly cache add: name, spec, args [ undefined, 'less', [ 'less', null ] ]
verbose parsed url { pathname: 'less', path: 'less', href: 'less' }
verbose cache add [ 'uglify-js', null ]
silly cache add: name, spec, args [ undefined, 'uglify-js', [ 'uglify-js', null ] ]
verbose parsed url { pathname: 'uglify-js', path: 'uglify-js', href: 'uglify-js' }
verbose addNamed [ 'less', '' ]
verbose addNamed [ null, '' ]
silly name, range, hasData [ 'less', '', false ]
verbose addNamed [ 'uglify-js', '' ]
verbose addNamed [ null, '' ]
silly name, range, hasData [ 'uglify-js', '', false ]
verbose raw, before any munging less
verbose url resolving [ 'https://registry.npmjs.org/', './less' ]
verbose url resolved https://registry.npmjs.org/less
verbose etag "5DN0SJMOKVJJIXMRBZWU5RD5W"
http GET https://registry.npmjs.org/less
verbose raw, before any munging uglify-js
verbose url resolving [ 'https://registry.npmjs.org/', './uglify-js' ]
verbose url resolved https://registry.npmjs.org/uglify-js
verbose etag "3XT8QGRENM77VEPI949Y3ABXV"
http GET https://registry.npmjs.org/uglify-js
http 304 https://registry.npmjs.org/less
silly get cb [ 304,
silly get cb   { server: 'CouchDB/1.3.1 (Erlang OTP/R15B03)',
silly get cb     etag: '"5DN0SJMOKVJJIXMRBZWU5RD5W"',
silly get cb     date: 'Wed, 11 Dec 2013 09:13:01 GMT',
silly get cb     'content-length': '0' } ]
verbose etag less from cache
silly name, range, hasData 2 [ 'less', '', true ]
silly versions [ 'less',
silly versions   [ '1.0.10',
silly versions     '1.0.11',
silly versions     '1.0.14',
silly versions     '1.0.18',
silly versions     '1.0.19',
silly versions     '1.0.21',
silly versions     '1.0.32',
silly versions     '1.0.36',
silly versions     '1.0.5',
silly versions     '1.0.40',
silly versions     '1.0.41',
silly versions     '1.0.44',
silly versions     '1.1.0',
silly versions     '1.1.1',
silly versions     '1.1.2',
silly versions     '1.1.4',
silly versions     '1.1.5',
silly versions     '1.1.6',
silly versions     '1.2.0',
silly versions     '1.2.1',
silly versions     '1.2.2',
silly versions     '1.3.0',
silly versions     '1.3.1',
silly versions     '1.3.2',
silly versions     '1.3.3',
silly versions     '1.4.0-b1',
silly versions     '1.4.0-b2',
silly versions     '1.4.0-b3',
silly versions     '1.4.0-b4',
silly versions     '1.4.0',
silly versions     '1.4.1',
silly versions     '1.4.2',
silly versions     '1.5.0-b1',
silly versions     '1.5.0-b2',
silly versions     '1.5.0-b3',
silly versions     '1.5.0-b4',
silly versions     '1.5.0',
silly versions     '1.5.1' ] ]
verbose bin dist [ '0.6-ares1.7.5-evundefined-openssl1.0.1-v83.7.12.22-linux-ia32-3.2.0-57-generic-pae',
verbose bin dist   { shasum: '633313130efd12a3b78c56aa799dab3eeffffff4',
verbose bin dist     tarball: 'http://registry.npmjs.org/less/-/less-1.5.1.tgz' } ]
verbose caching /home/tulupovm/.npm/less/1.5.1/package/package.json
verbose loadDefaults less@1.5.1
info already installed less@1.5.1
http 304 https://registry.npmjs.org/uglify-js
silly get cb [ 304,
silly get cb   { server: 'CouchDB/1.3.1 (Erlang OTP/R15B03)',
silly get cb     etag: '"3XT8QGRENM77VEPI949Y3ABXV"',
silly get cb     date: 'Wed, 11 Dec 2013 09:13:01 GMT',
silly get cb     'content-length': '0' } ]
verbose etag uglify-js from cache
silly name, range, hasData 2 [ 'uglify-js', '', true ]
silly versions [ 'uglify-js',
silly versions   [ '0.0.1',
silly versions     '0.0.2',
silly versions     '0.0.3',
silly versions     '0.0.4',
silly versions     '0.0.5',
silly versions     '1.0.1',
silly versions     '1.0.2',
silly versions     '1.0.3',
silly versions     '1.0.4',
silly versions     '1.0.5',
silly versions     '1.0.6',
silly versions     '1.0.7',
silly versions     '1.1.0',
silly versions     '1.1.1',
silly versions     '1.2.0',
silly versions     '1.2.1',
silly versions     '1.2.2',
silly versions     '1.2.3',
silly versions     '1.2.4',
silly versions     '1.2.5',
silly versions     '1.2.6',
silly versions     '1.3.0',
silly versions     '1.3.1',
silly versions     '1.3.2',
silly versions     '1.3.3',
silly versions     '1.3.4',
silly versions     '2.2.0',
silly versions     '2.2.1',
silly versions     '2.2.2',
silly versions     '2.2.3',
silly versions     '2.2.4',
silly versions     '2.2.5',
silly versions     '2.3.0',
silly versions     '2.3.1',
silly versions     '2.3.2',
silly versions     '2.3.3',
silly versions     '2.3.4',
silly versions     '2.3.5',
silly versions     '2.3.6',
silly versions     '1.3.5',
silly versions     '2.4.0',
silly versions     '2.4.1',
silly versions     '2.4.2',
silly versions     '2.4.3',
silly versions     '2.4.4',
silly versions     '2.4.5',
silly versions     '2.4.6',
silly versions     '2.4.7' ] ]
verbose bin dist [ '0.6-ares1.7.5-evundefined-openssl1.0.1-v83.7.12.22-linux-ia32-3.2.0-57-generic-pae',
verbose bin dist   { shasum: '9f3b5bd1c657d16aaad7134a7adbeaa88e67c5ae',
verbose bin dist     tarball: 'http://registry.npmjs.org/uglify-js/-/uglify-js-2.4.7.tgz' } ]
verbose caching /home/tulupovm/.npm/uglify-js/2.4.7/package/package.json
verbose loadDefaults uglify-js@2.4.7
silly resolved [ { name: 'uglify-js',
silly resolved     description: 'JavaScript parser, mangler/compressor and beautifier toolkit',
silly resolved     homepage: 'http://lisperator.net/uglifyjs',
silly resolved     main: 'tools/node.js',
silly resolved     version: '2.4.7',
silly resolved     engines: { node: '>=0.4.0' },
silly resolved     maintainers: 
silly resolved      [ { name: 'Mihai Bazon',
silly resolved          email: 'mihai.bazon@gmail.com',
silly resolved          url: 'http://lisperator.net/' } ],
silly resolved     repository: { type: 'git', url: 'git://github.com/mishoo/UglifyJS2.git' },
silly resolved     dependencies: 
silly resolved      { async: '~0.2.6',
silly resolved        'source-map': '~0.1.7',
silly resolved        optimist: '~0.3.5',
silly resolved        'uglify-to-browserify': '~1.0.0' },
silly resolved     browserify: { transform: [ 'uglify-to-browserify' ] },
silly resolved     bin: { uglifyjs: 'bin/uglifyjs' },
silly resolved     scripts: { test: 'node test/run-tests.js' },
silly resolved     _id: 'uglify-js@2.4.7',
silly resolved     devDependencies: {},
silly resolved     optionalDependencies: {},
silly resolved     _engineSupported: true,
silly resolved     _npmVersion: '1.1.4',
silly resolved     _nodeVersion: 'v0.6.12',
silly resolved     _defaultsLoaded: true,
silly resolved     _from: 'uglify-js' } ]
info into /var/www/Vidal uglify-js@2.4.7
info installOne uglify-js@2.4.7
verbose from cache /home/tulupovm/.npm/uglify-js/2.4.7/package/package.json
info unbuild /var/www/Vidal/node_modules/uglify-js
verbose mkdir (expected) error ENOENT, no such file or directory '/var/www/Vidal/node_modules/___uglify-js.npm'
verbose mkdir done: /var/www/Vidal/node_modules/___uglify-js.npm 755
verbose unpack_ uid, gid [ 1000, 1000 ]
verbose unpackTarget /var/www/Vidal/node_modules/uglify-js
silly gunzTarPerm modes [ '755', '644' ]
silly afterUntar ok
silly asyncMap in gTP /var/www/Vidal/node_modules/___uglify-js.npm/package
silly asyncMap in gTP /var/www/Vidal/node_modules/___uglify-js.npm/package/.travis.yml
silly asyncMap in gTP /var/www/Vidal/node_modules/___uglify-js.npm/package/.npmignore
silly asyncMap in gTP /var/www/Vidal/node_modules/___uglify-js.npm/package/README.md
silly asyncMap in gTP /var/www/Vidal/node_modules/___uglify-js.npm/package/LICENSE
silly asyncMap in gTP /var/www/Vidal/node_modules/___uglify-js.npm/package/package.json
silly asyncMap in gTP /var/www/Vidal/node_modules/___uglify-js.npm/package/bin
silly asyncMap in gTP /var/www/Vidal/node_modules/___uglify-js.npm/package/bin/uglifyjs
silly asyncMap in gTP /var/www/Vidal/node_modules/___uglify-js.npm/package/tools
silly asyncMap in gTP /var/www/Vidal/node_modules/___uglify-js.npm/package/tools/node.js
silly asyncMap in gTP /var/www/Vidal/node_modules/___uglify-js.npm/package/lib
silly asyncMap in gTP /var/www/Vidal/node_modules/___uglify-js.npm/package/lib/sourcemap.js
silly asyncMap in gTP /var/www/Vidal/node_modules/___uglify-js.npm/package/lib/transform.js
silly asyncMap in gTP /var/www/Vidal/node_modules/___uglify-js.npm/package/lib/output.js
silly asyncMap in gTP /var/www/Vidal/node_modules/___uglify-js.npm/package/lib/scope.js
silly asyncMap in gTP /var/www/Vidal/node_modules/___uglify-js.npm/package/lib/ast.js
silly asyncMap in gTP /var/www/Vidal/node_modules/___uglify-js.npm/package/lib/utils.js
silly asyncMap in gTP /var/www/Vidal/node_modules/___uglify-js.npm/package/lib/compress.js
silly asyncMap in gTP /var/www/Vidal/node_modules/___uglify-js.npm/package/lib/parse.js
silly asyncMap in gTP /var/www/Vidal/node_modules/___uglify-js.npm/package/lib/mozilla-ast.js
silly asyncMap in gTP /var/www/Vidal/node_modules/___uglify-js.npm/package/test
silly asyncMap in gTP /var/www/Vidal/node_modules/___uglify-js.npm/package/test/run-tests.js
silly asyncMap in gTP /var/www/Vidal/node_modules/___uglify-js.npm/package/test/compress
silly asyncMap in gTP /var/www/Vidal/node_modules/___uglify-js.npm/package/test/compress/dead-code.js
silly asyncMap in gTP /var/www/Vidal/node_modules/___uglify-js.npm/package/test/compress/labels.js
silly asyncMap in gTP /var/www/Vidal/node_modules/___uglify-js.npm/package/test/compress/sequences.js
silly asyncMap in gTP /var/www/Vidal/node_modules/___uglify-js.npm/package/test/compress/typeof.js
silly asyncMap in gTP /var/www/Vidal/node_modules/___uglify-js.npm/package/test/compress/negate-iife.js
silly asyncMap in gTP /var/www/Vidal/node_modules/___uglify-js.npm/package/test/compress/issue-59.js
silly asyncMap in gTP /var/www/Vidal/node_modules/___uglify-js.npm/package/test/compress/issue-143.js
silly asyncMap in gTP /var/www/Vidal/node_modules/___uglify-js.npm/package/test/compress/issue-105.js
silly asyncMap in gTP /var/www/Vidal/node_modules/___uglify-js.npm/package/test/compress/concat-strings.js
silly asyncMap in gTP /var/www/Vidal/node_modules/___uglify-js.npm/package/test/compress/issue-44.js
silly asyncMap in gTP /var/www/Vidal/node_modules/___uglify-js.npm/package/test/compress/issue-22.js
silly asyncMap in gTP /var/www/Vidal/node_modules/___uglify-js.npm/package/test/compress/properties.js
silly asyncMap in gTP /var/www/Vidal/node_modules/___uglify-js.npm/package/test/compress/issue-12.js
silly asyncMap in gTP /var/www/Vidal/node_modules/___uglify-js.npm/package/test/compress/issue-126.js
silly asyncMap in gTP /var/www/Vidal/node_modules/___uglify-js.npm/package/test/compress/issue-269.js
silly asyncMap in gTP /var/www/Vidal/node_modules/___uglify-js.npm/package/test/compress/blocks.js
silly asyncMap in gTP /var/www/Vidal/node_modules/___uglify-js.npm/package/test/compress/issue-267.js
silly asyncMap in gTP /var/www/Vidal/node_modules/___uglify-js.npm/package/test/compress/debugger.js
silly asyncMap in gTP /var/www/Vidal/node_modules/___uglify-js.npm/package/test/compress/conditionals.js
silly asyncMap in gTP /var/www/Vidal/node_modules/___uglify-js.npm/package/test/compress/arrays.js
silly asyncMap in gTP /var/www/Vidal/node_modules/___uglify-js.npm/package/test/compress/loops.js
silly asyncMap in gTP /var/www/Vidal/node_modules/___uglify-js.npm/package/test/compress/switch.js
silly asyncMap in gTP /var/www/Vidal/node_modules/___uglify-js.npm/package/test/compress/drop-unused.js
verbose gunzed /var/www/Vidal/node_modules/___uglify-js.npm/package
verbose rm'ed /var/www/Vidal/node_modules/uglify-js
verbose renamed [ '/var/www/Vidal/node_modules/___uglify-js.npm/package',
verbose renamed   '/var/www/Vidal/node_modules/uglify-js' ]
verbose caching /var/www/Vidal/node_modules/uglify-js/package.json
verbose loadDefaults uglify-js@2.4.7
info preinstall uglify-js@2.4.7
verbose from cache /var/www/Vidal/node_modules/uglify-js/package.json
verbose readDependencies: using package.json deps
verbose from cache /var/www/Vidal/node_modules/uglify-js/package.json
verbose readDependencies: using package.json deps
verbose cache add [ 'async@~0.2.6', null ]
silly cache add: name, spec, args [ undefined, 'async@~0.2.6', [ 'async@~0.2.6', null ] ]
verbose parsed url { pathname: 'async@~0.2.6',
verbose parsed url   path: 'async@~0.2.6',
verbose parsed url   href: 'async@~0.2.6' }
silly cache add: name, spec, args [ 'async', '~0.2.6', [ 'async', '~0.2.6' ] ]
verbose parsed url { pathname: '~0.2.6', path: '~0.2.6', href: '~0.2.6' }
verbose addNamed [ 'async', '~0.2.6' ]
verbose addNamed [ null, '>=0.2.6- <0.3.0-' ]
silly name, range, hasData [ 'async', '>=0.2.6- <0.3.0-', false ]
verbose cache add [ 'source-map@~0.1.7', null ]
silly cache add: name, spec, args [ undefined, 'source-map@~0.1.7', [ 'source-map@~0.1.7', null ] ]
verbose parsed url { pathname: 'source-map@~0.1.7',
verbose parsed url   path: 'source-map@~0.1.7',
verbose parsed url   href: 'source-map@~0.1.7' }
silly cache add: name, spec, args [ 'source-map', '~0.1.7', [ 'source-map', '~0.1.7' ] ]
verbose parsed url { pathname: '~0.1.7', path: '~0.1.7', href: '~0.1.7' }
verbose addNamed [ 'source-map', '~0.1.7' ]
verbose addNamed [ null, '>=0.1.7- <0.2.0-' ]
silly name, range, hasData [ 'source-map', '>=0.1.7- <0.2.0-', false ]
verbose cache add [ 'optimist@~0.3.5', null ]
silly cache add: name, spec, args [ undefined, 'optimist@~0.3.5', [ 'optimist@~0.3.5', null ] ]
verbose parsed url { pathname: 'optimist@~0.3.5',
verbose parsed url   path: 'optimist@~0.3.5',
verbose parsed url   href: 'optimist@~0.3.5' }
silly cache add: name, spec, args [ 'optimist', '~0.3.5', [ 'optimist', '~0.3.5' ] ]
verbose parsed url { pathname: '~0.3.5', path: '~0.3.5', href: '~0.3.5' }
verbose addNamed [ 'optimist', '~0.3.5' ]
verbose addNamed [ null, '>=0.3.5- <0.4.0-' ]
silly name, range, hasData [ 'optimist', '>=0.3.5- <0.4.0-', false ]
verbose raw, before any munging async
verbose url resolving [ 'https://registry.npmjs.org/', './async' ]
verbose url resolved https://registry.npmjs.org/async
http GET https://registry.npmjs.org/async
verbose cache add [ 'uglify-to-browserify@~1.0.0', null ]
silly cache add: name, spec, args [ undefined,
silly cache add: name, spec, args   'uglify-to-browserify@~1.0.0',
silly cache add: name, spec, args   [ 'uglify-to-browserify@~1.0.0', null ] ]
verbose parsed url { pathname: 'uglify-to-browserify@~1.0.0',
verbose parsed url   path: 'uglify-to-browserify@~1.0.0',
verbose parsed url   href: 'uglify-to-browserify@~1.0.0' }
silly cache add: name, spec, args [ 'uglify-to-browserify',
silly cache add: name, spec, args   '~1.0.0',
silly cache add: name, spec, args   [ 'uglify-to-browserify', '~1.0.0' ] ]
verbose parsed url { pathname: '~1.0.0', path: '~1.0.0', href: '~1.0.0' }
verbose addNamed [ 'uglify-to-browserify', '~1.0.0' ]
verbose addNamed [ null, '>=1.0.0- <1.1.0-' ]
silly name, range, hasData [ 'uglify-to-browserify', '>=1.0.0- <1.1.0-', false ]
verbose raw, before any munging optimist
verbose url resolving [ 'https://registry.npmjs.org/', './optimist' ]
verbose url resolved https://registry.npmjs.org/optimist
verbose etag "4JGTY30UOP69QQHR9V46B9HPY"
http GET https://registry.npmjs.org/optimist
verbose raw, before any munging uglify-to-browserify
verbose url resolving [ 'https://registry.npmjs.org/', './uglify-to-browserify' ]
verbose url resolved https://registry.npmjs.org/uglify-to-browserify
verbose etag "9P5P8PAAUQI16CE3E1JIIS31J"
http GET https://registry.npmjs.org/uglify-to-browserify
verbose raw, before any munging source-map
verbose url resolving [ 'https://registry.npmjs.org/', './source-map' ]
verbose url resolved https://registry.npmjs.org/source-map
verbose etag "7C9ASREIM5MJFAWMF85BIVLLP"
http GET https://registry.npmjs.org/source-map
http 304 https://registry.npmjs.org/source-map
silly get cb [ 304,
silly get cb   { server: 'CouchDB/1.5.0 (Erlang OTP/R15B03)',
silly get cb     etag: '"7C9ASREIM5MJFAWMF85BIVLLP"',
silly get cb     date: 'Wed, 11 Dec 2013 09:13:03 GMT',
silly get cb     'content-length': '0' } ]
verbose etag source-map from cache
silly name, range, hasData 2 [ 'source-map', '>=0.1.7- <0.2.0-', true ]
silly versions [ 'source-map',
silly versions   [ '0.0.0', '0.1.0', '0.1.1', '0.1.2', '0.1.3' ] ]
verbose about to build /var/www/Vidal/node_modules/uglify-js
ERR! error installing uglify-js@2.4.7
info unbuild /var/www/Vidal/node_modules/uglify-js
verbose from cache /var/www/Vidal/node_modules/uglify-js/package.json
info preuninstall uglify-js@2.4.7
info uninstall uglify-js@2.4.7
verbose unbuild uglify-js@2.4.7 [ true,
verbose unbuild uglify-js@2.4.7   '/var/www/Vidal/node_modules',
verbose unbuild uglify-js@2.4.7   '/var/www/Vidal/node_modules' ]
verbose binRoot [ '/var/www/Vidal/node_modules/.bin',
verbose binRoot   { uglifyjs: 'bin/uglifyjs' } ]
info postuninstall uglify-js@2.4.7
verbose installOne cb uglify-js@2.4.7
ERR! Error: No compatible version found: source-map@'>=0.1.7- <0.2.0-'
ERR! Valid install targets:
ERR! ["0.0.0","0.1.0","0.1.1","0.1.2","0.1.3"]
ERR!     at installTargetsError (/usr/share/npm/lib/cache.js:488:10)
ERR!     at next_ (/usr/share/npm/lib/cache.js:438:17)
ERR!     at next (/usr/share/npm/lib/cache.js:415:44)
ERR!     at /usr/share/npm/lib/cache.js:408:5
ERR!     at saved (/usr/share/npm/lib/utils/npm-registry-client/get.js:147:7)
ERR!     at Object.oncomplete (/usr/lib/nodejs/graceful-fs.js:230:7)
ERR! You may report this log at:
ERR!     <http://bugs.debian.org/npm>
ERR! or use
ERR!     reportbug --attach /var/www/Vidal/npm-debug.log npm
ERR! 
ERR! System Linux 3.2.0-57-generic-pae
ERR! command "node" "/usr/bin/npm" "install" "less" "uglify-js"
ERR! cwd /var/www/Vidal
ERR! node -v v0.6.12
ERR! npm -v 1.1.4
ERR! message No compatible version found: source-map@'>=0.1.7- <0.2.0-'
ERR! message Valid install targets:
ERR! message ["0.0.0","0.1.0","0.1.1","0.1.2","0.1.3"]
verbose exit [ 1, true ]
